          Avg Profits  Avg Net Points  Standard Deviation  Minimum Net Points  Maximum Net Points  Total Window Sum Profits  Total Window Sum Net Points
08:30:00  1644.825269        0.657930            1.495259           -1.978495            0.970430                  611875.0                       244.75
08:40:00  -481.301939       -0.192521            1.576863           -1.972299            0.890582                 -173750.0                       -69.50
08:50:00  1155.988858        0.462396            1.379122           -1.570334            0.741643                  415000.0                       166.00
09:00:00   399.865591        0.159946            1.537193           -1.860887            0.845430                  148750.0                        59.50
09:10:00   853.701117        0.341480            1.434217           -1.540503            0.745810                  305625.0                       122.25
09:20:00   929.487179        0.371795            1.372746           -1.335470            0.852564                  326250.0                       130.50
09:30:00   650.969529        0.260388            1.400870           -1.496537            0.662050                  235000.0                        94.00
09:40:00   378.951149        0.151580            1.392413           -1.362787            0.737787                  131875.0                        52.75
09:50:00  1258.778090        0.503511            1.306477           -1.155197            0.721208                  448125.0                       179.25
10:00:00   223.214286        0.089286            1.457908           -1.596429            0.740714                   78125.0                        31.25
10:10:00   874.635569        0.349854            1.349638           -1.171283            0.686589                  300000.0                       120.00
10:20:00  1017.191977        0.406877            1.204465           -1.036533            0.657593                  355000.0                       142.00
10:30:00  -192.587209       -0.077035            1.440616           -1.522529            0.650436                  -66250.0                       -26.50
10:40:00  1159.926471        0.463971            1.227073           -1.090441            0.649265                  394375.0                       157.75
10:50:00    84.310850        0.033724            1.478202           -1.337977            0.652493                   28750.0                        11.50
11:00:00   158.527697        0.063411            1.217341           -1.165452            0.510933                   54375.0                        21.75
11:10:00  -155.291411       -0.062117            1.450378           -1.401840            0.453988                  -50625.0                       -20.25
11:20:00   346.810089        0.138724            1.365053           -1.098665            0.570475                  116875.0                        46.75
11:30:00   179.924242        0.071970            1.407178           -1.328030            0.521212                   59375.0                        23.75
11:40:00   539.952532        0.215981            1.282942           -1.045886            0.577532                  170625.0                        68.25
11:50:00   463.649852        0.185460            1.401060           -1.197329            0.531157                  156250.0                        62.50
12:00:00   420.918367        0.168367            1.399059           -1.212828            0.640671                  144375.0                        57.75
12:10:00    48.981191        0.019592            1.387746           -1.233542            0.521160                   15625.0                         6.25
12:20:00   354.623824        0.141850            1.249921           -1.039185            0.581505                  113125.0                        45.25
12:30:00   327.837423        0.131135            1.335391           -1.253067            0.452454                  106875.0                        42.75
12:40:00  -163.288288       -0.065315            1.335787           -1.256006            0.468468                  -54375.0                       -21.75
12:50:00  1695.336391        0.678135            1.050001           -0.652905            0.592508                  554375.0                       221.75
13:00:00   -18.328446       -0.007331            1.410358           -1.493402            0.472874                   -6250.0                        -2.50
13:10:00  1061.746988        0.424699            1.327563           -1.237199            0.597892                  352500.0                       141.00
13:20:00   -63.813814       -0.025526            1.298966           -1.114865            0.593844                  -21250.0                        -8.50
13:30:00   218.842730        0.087537            1.415032           -1.270030            0.663205                   73750.0                        29.50
13:40:00   379.192073        0.151677            1.426400           -1.322409            0.650915                  124375.0                        49.75
13:50:00  1511.976048        0.604790            1.282506           -1.168413            0.675898                  505000.0                       202.00
14:00:00   -85.959885       -0.034384            1.354165           -1.327364            0.600287                  -30000.0                       -12.00
14:10:00   574.776786        0.229911            1.327894           -1.293899            0.626488                  193125.0                        77.25
14:20:00   571.375740        0.228550            1.245777           -1.079142            0.703402                  193125.0                        77.25
14:30:00   260.093168        0.104037            1.538895           -1.506988            0.726708                   83750.0                        33.50
14:40:00   367.093373        0.146837            1.386302           -1.402861            0.727410                  121875.0                        48.75
14:50:00   835.098870        0.334040            1.515660           -1.950565            0.887006                  295625.0                       118.25
15:00:00    93.085106        0.037234            1.411392           -1.163374            0.676292                   30625.0                        12.25
15:10:00   446.428571        0.178571            0.981090           -0.538265            0.218112                   87500.0                        35.00
15:20:00   491.071429        0.196429            1.176351           -0.318878            0.221939                   48125.0                        19.25
The data analyzed is from 2022-01-03 to 2023-06-30
The total net profits for 6977500.0
The total net points for 2791.0
Analysis covered 2022-01-03 to 2023-06-30, which is 383 total trading days.
